{"/Users/apple/Documents/Coco/resto-app/src/admin/areas/getAreas.js": {"path":"/Users/apple/Documents/Coco/resto-app/src/admin/areas/getAreas.js","statementMap":{"0":{"start":{"line":3,"column":23},"end":{"line":7,"column":1}},"1":{"start":{"line":4,"column":23},"end":{"line":4,"column":50}},"2":{"start":{"line":5,"column":14},"end":{"line":5,"column":94}},"3":{"start":{"line":6,"column":2},"end":{"line":6,"column":61}}},"fnMap":{"0":{"name":"(anonymous_0)","decl":{"start":{"line":3,"column":23},"end":{"line":3,"column":24}},"loc":{"start":{"line":3,"column":60},"end":{"line":7,"column":1}},"line":3}},"branchMap":{"0":{"loc":{"start":{"line":4,"column":23},"end":{"line":4,"column":50}},"type":"binary-expr","locations":[{"start":{"line":4,"column":23},"end":{"line":4,"column":44}},{"start":{"line":4,"column":48},"end":{"line":4,"column":50}}],"line":4}},"s":{"0":1,"1":2,"2":2,"3":2},"f":{"0":2},"b":{"0":[2,1]},"_coverageSchema":"1a1c01bbd47fc00a2c39e90264f33305004495a9","hash":"291882c6d3f03aa11988c44c7891e3c49e7922de"}
,"/Users/apple/Documents/Coco/resto-app/src/common/response.js": {"path":"/Users/apple/Documents/Coco/resto-app/src/common/response.js","statementMap":{"0":{"start":{"line":1,"column":18},"end":{"line":4,"column":2}},"1":{"start":{"line":1,"column":29},"end":{"line":4,"column":1}},"2":{"start":{"line":6,"column":23},"end":{"line":9,"column":2}},"3":{"start":{"line":6,"column":34},"end":{"line":9,"column":1}},"4":{"start":{"line":11,"column":20},"end":{"line":11,"column":78}},"5":{"start":{"line":11,"column":40},"end":{"line":11,"column":77}}},"fnMap":{"0":{"name":"(anonymous_0)","decl":{"start":{"line":1,"column":18},"end":{"line":1,"column":19}},"loc":{"start":{"line":1,"column":29},"end":{"line":4,"column":1}},"line":1},"1":{"name":"(anonymous_1)","decl":{"start":{"line":6,"column":23},"end":{"line":6,"column":24}},"loc":{"start":{"line":6,"column":34},"end":{"line":9,"column":1}},"line":6},"2":{"name":"(anonymous_2)","decl":{"start":{"line":11,"column":20},"end":{"line":11,"column":21}},"loc":{"start":{"line":11,"column":40},"end":{"line":11,"column":77}},"line":11}},"branchMap":{"0":{"loc":{"start":{"line":11,"column":24},"end":{"line":11,"column":34}},"type":"default-arg","locations":[{"start":{"line":11,"column":31},"end":{"line":11,"column":34}}],"line":11}},"s":{"0":1,"1":3,"2":1,"3":0,"4":1,"5":0},"f":{"0":3,"1":0,"2":0},"b":{"0":[0]},"_coverageSchema":"1a1c01bbd47fc00a2c39e90264f33305004495a9","hash":"3655fadedb4cf6bb311a921aab56cade410bb54e"}
,"/Users/apple/Documents/Coco/resto-app/src/staff/login.js": {"path":"/Users/apple/Documents/Coco/resto-app/src/staff/login.js","statementMap":{"0":{"start":{"line":5,"column":23},"end":{"line":22,"column":1}},"1":{"start":{"line":6,"column":23},"end":{"line":6,"column":39}},"2":{"start":{"line":8,"column":14},"end":{"line":8,"column":145}},"3":{"start":{"line":9,"column":2},"end":{"line":9,"column":60}},"4":{"start":{"line":9,"column":21},"end":{"line":9,"column":60}},"5":{"start":{"line":10,"column":16},"end":{"line":10,"column":27}},"6":{"start":{"line":13,"column":18},"end":{"line":18,"column":3}},"7":{"start":{"line":20,"column":16},"end":{"line":20,"column":57}},"8":{"start":{"line":21,"column":2},"end":{"line":21,"column":119}}},"fnMap":{"0":{"name":"(anonymous_0)","decl":{"start":{"line":5,"column":23},"end":{"line":5,"column":24}},"loc":{"start":{"line":5,"column":43},"end":{"line":22,"column":1}},"line":5}},"branchMap":{"0":{"loc":{"start":{"line":9,"column":2},"end":{"line":9,"column":60}},"type":"if","locations":[{"start":{"line":9,"column":2},"end":{"line":9,"column":60}},{"start":{},"end":{}}],"line":9},"1":{"loc":{"start":{"line":16,"column":14},"end":{"line":16,"column":37}},"type":"binary-expr","locations":[{"start":{"line":16,"column":14},"end":{"line":16,"column":29}},{"start":{"line":16,"column":33},"end":{"line":16,"column":37}}],"line":16},"2":{"loc":{"start":{"line":17,"column":18},"end":{"line":17,"column":45}},"type":"binary-expr","locations":[{"start":{"line":17,"column":18},"end":{"line":17,"column":37}},{"start":{"line":17,"column":41},"end":{"line":17,"column":45}}],"line":17},"3":{"loc":{"start":{"line":21,"column":49},"end":{"line":21,"column":72}},"type":"binary-expr","locations":[{"start":{"line":21,"column":49},"end":{"line":21,"column":64}},{"start":{"line":21,"column":68},"end":{"line":21,"column":72}}],"line":21},"4":{"loc":{"start":{"line":21,"column":88},"end":{"line":21,"column":115}},"type":"binary-expr","locations":[{"start":{"line":21,"column":88},"end":{"line":21,"column":107}},{"start":{"line":21,"column":111},"end":{"line":21,"column":115}}],"line":21}},"s":{"0":1,"1":4,"2":4,"3":4,"4":1,"5":3,"6":3,"7":3,"8":3},"f":{"0":4},"b":{"0":[1,3],"1":[3,1],"2":[3,1],"3":[3,1],"4":[3,1]},"_coverageSchema":"1a1c01bbd47fc00a2c39e90264f33305004495a9","hash":"293b692b84e2d02583dbac0ab5c959aef553fb7f"}
}
